<?xml version="1.0" encoding="UTF-8"?>
<!-- Generated by org.testng.reporters.JUnitReportReporter -->
<testsuite hostname="LAPTOP-BJ8FH5F3" failures="0" tests="4" name="tests.Test_LoginPage" time="3.102" errors="0" timestamp="2023-06-30T15:48:00 IST" skipped="0">
  <testcase classname="tests.Test_LoginPage" name="validDataTest" time="1.010"/>
  <system-out/>
  <testcase classname="tests.Test_LoginPage" name="invalidEmail" time="0.632"/>
  <system-out/>
  <testcase classname="tests.Test_LoginPage" name="invalidData" time="0.668"/>
  <system-out/>
  <testcase classname="tests.Test_LoginPage" name="invalidPassword" time="0.792"/>
  <system-out/>
</testsuite> <!-- tests.Test_LoginPage -->
