<?xml version="1.0" encoding="UTF-8"?>
<!-- Generated by org.testng.reporters.JUnitReportReporter -->
<testsuite hostname="LAPTOP-BJ8FH5F3" failures="0" tests="5" name="tests.Test_LuminoxRegisterPage" time="8.782" errors="0" timestamp="2023-06-30T16:28:00 IST" skipped="0">
  <testcase classname="tests.Test_LuminoxRegisterPage" name="validTest" time="2.306"/>
  <system-out/>
  <testcase classname="tests.Test_LuminoxRegisterPage" name="missingLastNameTest" time="1.217"/>
  <system-out/>
  <testcase classname="tests.Test_LuminoxRegisterPage" name="invalidEmailTest" time="1.633"/>
  <system-out/>
  <testcase classname="tests.Test_LuminoxRegisterPage" name="mismatchedPasswordsTest" time="1.901"/>
  <system-out/>
  <testcase classname="tests.Test_LuminoxRegisterPage" name="missingFirstNameTest" time="1.725"/>
  <system-out/>
</testsuite> <!-- tests.Test_LuminoxRegisterPage -->
