<?xml version="1.0" encoding="UTF-8"?>
<!-- Generated by org.testng.reporters.JUnitReportReporter -->
<testsuite hostname="ani" failures="0" tests="3" name="tests.Test_MobilePage" time="4.910" errors="0" timestamp="2023-07-14T15:41:30 IST" skipped="0">
  <testcase classname="tests.Test_MobilePage" name="testClickMobileLink" time="1.365"/>
  <system-out/>
  <testcase classname="tests.Test_MobilePage" name="testClickAndroidOption" time="1.764"/>
  <system-out/>
  <testcase classname="tests.Test_MobilePage" name="testClickIOSOption" time="1.781"/>
  <system-out/>
</testsuite> <!-- tests.Test_MobilePage -->
