<?xml version="1.0" encoding="UTF-8"?>
<!-- Generated by org.testng.reporters.JUnitReportReporter -->
<testsuite hostname="ani" failures="0" tests="7" name="tests.Test_LoginPage" time="4.332" errors="0" timestamp="2023-07-14T15:43:26 IST" skipped="0">
  <testcase classname="tests.Test_LoginPage" name="testForgotPasswordLink" time="0.365"/>
  <system-out/>
  <testcase classname="tests.Test_LoginPage" name="invalidPassword" time="0.587"/>
  <system-out/>
  <testcase classname="tests.Test_LoginPage" name="validDataTest" time="0.875"/>
  <system-out/>
  <testcase classname="tests.Test_LoginPage" name="testEmptyUsername" time="0.651"/>
  <system-out/>
  <testcase classname="tests.Test_LoginPage" name="invalidEmailPassword" time="0.574"/>
  <system-out/>
  <testcase classname="tests.Test_LoginPage" name="testEmptyPassword" time="0.585"/>
  <system-out/>
  <testcase classname="tests.Test_LoginPage" name="invalidEmail" time="0.695"/>
  <system-out/>
</testsuite> <!-- tests.Test_LoginPage -->
