<?xml version="1.0" encoding="UTF-8"?>
<!-- Generated by org.testng.reporters.JUnitReportReporter -->
<testsuite hostname="LAPTOP-BJ8FH5F3" failures="0" tests="3" name="tests.Test_HomePage" time="2.551" errors="0" timestamp="2023-06-17T15:47:58 IST" skipped="0">
  <testcase classname="tests.Test_HomePage" name="testHomePageHeaderLink" time="1.946"/>
  <system-out/>
  <testcase classname="tests.Test_HomePage" name="verifySearchFunctionality" time="0.374"/>
  <system-out/>
  <testcase classname="tests.Test_HomePage" name="verifyLogo" time="0.231"/>
  <system-out/>
</testsuite> <!-- tests.Test_HomePage -->
