<?xml version="1.0" encoding="UTF-8"?>
<!-- Generated by org.testng.reporters.JUnitReportReporter -->
<testsuite hostname="LAPTOP-BJ8FH5F3" failures="0" tests="1" name="tests.Test_LuminoxRegisterPage" time="1.837" errors="0" timestamp="2023-06-17T16:51:12 IST" skipped="0">
  <testcase classname="tests.Test_LuminoxRegisterPage" name="validTest" time="1.837"/>
  <system-out/>
</testsuite> <!-- tests.Test_LuminoxRegisterPage -->
