<?xml version="1.0" encoding="UTF-8"?>
<!-- Generated by org.testng.reporters.JUnitReportReporter -->
<testsuite hostname="LAPTOP-BJ8FH5F3" failures="0" tests="4" name="tests.Test_LoginPage" time="2.410" errors="0" timestamp="2023-06-14T16:24:52 IST" skipped="0">
  <testcase classname="tests.Test_LoginPage" name="invalidData" time="0.639"/>
  <system-out/>
  <testcase classname="tests.Test_LoginPage" name="invalidEmail" time="0.615"/>
  <system-out/>
  <testcase classname="tests.Test_LoginPage" name="validDataTest" time="0.603"/>
  <system-out/>
  <testcase classname="tests.Test_LoginPage" name="invalidPassword" time="0.553"/>
  <system-out/>
</testsuite> <!-- tests.Test_LoginPage -->
